Planting corn in box 92741
Planting broccoli in box 83242
Planting tomato in box 46759
Planting spinach in box 14941
Planting cilantro in box 23744
Planting cauliflower in box 43144
Planting arugula in box 74505
Planting soy in box 29763
Planting tomato in box 69449
Planting cauliflower in box 61260
Planting bean in box 76353
Planting broccoli in box 1034
Planting lettuce in box 49580
Planting rye in box 96505
Planting potato in box 20177
Planting broccoli in box 48308
Planting squash in box 85315
Planting radish in box 80281
Planting soy in box 46922
Planting potato in box 48961
Planting wheat in box 27448
Planting lettuce in box 86735
Planting lettuce in box 42152
Planting broccoli in box 91844
Planting cabbage in box 13548
Planting beet in box 41820
Planting tomato in box 77264
Planting radish in box 21980
Planting pepper in box 16726
Planting bean in box 31689
Planting arugula in box 91270
Planting carrot in box 66171
Planting lettuce in box 44248
Planting pea in box 41361
Planting cabbage in box 58024
Planting cabbage in box 78186
Planting corn in box 15128
Planting soy in box 3774
Planting beet in box 14122
Planting rye in box 85231
Planting radish in box 81424
Planting wheat in box 33921
Planting cilantro in box 2606
Planting carrot in box 18235
Planting cauliflower in box 90736
Planting cauliflower in box 72585
Planting squash in box 46270
Planting cauliflower in box 91292
Planting tomato in box 17909
Planting bean in box 98037
Planting tomato in box 39324
Planting corn in box 94107
Planting barley in box 90199
Planting eggplant in box 28082
Planting cucumber in box 9850
Planting cucumber in box 48340
Planting eggplant in box 73066
Planting squash in box 82664
Planting beet in box 54512
Planting rye in box 27706
Planting beet in box 67172
Planting broccoli in box 59955
Planting soy in box 88100
Planting chive in box 36661
Planting lettuce in box 250
Planting rye in box 98292
Planting arugula in box 59976
Planting corn in box 26728
Planting potato in box 6631
Planting eggplant in box 54493
Planting lettuce in box 825
Planting cilantro in box 40456
Planting wheat in box 1444
Planting cilantro in box 82264
Planting pepper in box 56721
Planting eggplant in box 33906
Planting tomato in box 42962
Planting tomato in box 86389
Planting tomato in box 77811
Planting broccoli in box 37069
Planting pepper in box 74099
Planting cucumber in box 50337
Planting rye in box 44110
Planting soy in box 599
Planting pepper in box 48225
Planting cauliflower in box 99923
Planting cabbage in box 74274
Planting cauliflower in box 39290
Planting spinach in box 96202
Planting broccoli in box 64377
Planting broccoli in box 64226
Planting wheat in box 25870
Planting carrot in box 8494
Planting barley in box 54600
Planting cilantro in box 51660
Planting pepper in box 80716
Planting arugula in box 76084
Planting carrot in box 76183
Planting cabbage in box 24468
Planting tomato in box 3637
Planting squash in box 48223
Planting chive in box 54445
Planting lettuce in box 76641
Planting chive in box 30917
Planting wheat in box 64344
Planting tomato in box 74820
Planting eggplant in box 9927
Planting soy in box 52108
Planting carrot in box 29299
Planting carrot in box 37428
Planting arugula in box 47431
Planting corn in box 6715
Planting rye in box 81898
Planting eggplant in box 60059
Planting spinach in box 92381
Planting chive in box 28114
Planting barley in box 99957
Planting potato in box 95803
Planting spinach in box 8996
Planting chive in box 82143
Planting pea in box 54716
Planting broccoli in box 34612
Planting broccoli in box 74003
Planting corn in box 15765
Planting radish in box 26130
Planting lettuce in box 84259
Planting eggplant in box 87686
Planting squash in box 13426
Planting cilantro in box 22926
Planting pepper in box 8653
Planting wheat in box 69882
Planting potato in box 88613
Planting corn in box 35675
Planting corn in box 62788
Planting corn in box 43837
Planting broccoli in box 50713
Planting lettuce in box 18244
Planting pepper in box 79545
Planting spinach in box 88395
Planting potato in box 11898
Planting carrot in box 64853
Planting bean in box 20788
Planting pea in box 19833
Planting arugula in box 38474
Planting spinach in box 40401
Planting arugula in box 74415
Planting barley in box 243
Planting barley in box 80121
Planting radish in box 63793
Planting carrot in box 13291
Planting potato in box 20541
Planting carrot in box 22533
Planting cucumber in box 65679
Planting potato in box 47381
Planting eggplant in box 30091
Planting corn in box 84949
Planting beet in box 71786
Planting cilantro in box 63833
Planting rye in box 72653
Planting rye in box 50727
Planting spinach in box 82135
Planting potato in box 23336
Planting soy in box 88168
Planting cucumber in box 34646
Planting soy in box 79067
Planting cilantro in box 75942
Planting corn in box 28291
Planting rye in box 54743
Planting rye in box 16903
Planting cauliflower in box 64394
Planting cabbage in box 77753
Planting potato in box 58288
Planting barley in box 87782
Planting lettuce in box 73860
Planting broccoli in box 57130
Planting barley in box 73487
Planting cilantro in box 82432
Planting potato in box 37993
Planting chive in box 32981
Planting potato in box 38911
Planting corn in box 53277
Planting pepper in box 28006
Planting cilantro in box 29678
Planting pepper in box 91889
Planting carrot in box 84870
Planting rye in box 26277
Planting beet in box 38328
Planting bean in box 44865
Planting squash in box 23035
Planting pepper in box 2894
Planting bean in box 76014
Planting radish in box 35780
Planting squash in box 89554
Planting pepper in box 61748
Planting beet in box 95465
Planting wheat in box 50933
Planting tomato in box 31862
Planting broccoli in box 46660
Planting barley in box 61685
Planting bean in box 40822
Planting pea in box 27534
Planting wheat in box 41881
Planting tomato in box 68013
Planting eggplant in box 8321
Planting lettuce in box 38172
Planting arugula in box 87563
Planting rye in box 3946
Planting potato in box 5334
Planting bean in box 13465
Planting cabbage in box 48738
Planting soy in box 84091
Planting arugula in box 74022
Planting cucumber in box 94960
Planting soy in box 10194
Planting pepper in box 91933
Planting beet in box 19550
Planting rye in box 50817
Planting arugula in box 1678
Planting radish in box 80878
Planting arugula in box 26228
Planting wheat in box 37563
Planting beet in box 65939
Planting radish in box 53484
Planting cucumber in box 51360
Planting tomato in box 54705
Planting cabbage in box 92229
Planting cauliflower in box 16118
Planting broccoli in box 87450
Planting squash in box 3283
Planting barley in box 84073
Planting corn in box 97713
Planting potato in box 31032
Planting soy in box 14108
Planting radish in box 62
Planting soy in box 59058
Planting cabbage in box 30386
Planting bean in box 56431
Planting carrot in box 70832
Planting barley in box 83948
Planting beet in box 93215
Planting bean in box 54991
Planting pea in box 10150
Planting squash in box 51693
Planting beet in box 98537
Planting chive in box 44297
Planting soy in box 66541
Planting eggplant in box 35287
Planting bean in box 6890
Planting broccoli in box 62984
Planting chive in box 44378
Planting eggplant in box 49591
Planting bean in box 51364
Planting arugula in box 87439
Planting pepper in box 32288
Planting rye in box 60738
Planting spinach in box 42741
Planting eggplant in box 27296
Planting rye in box 3189
Planting bean in box 83192
Planting tomato in box 50314
Planting cucumber in box 17038
Planting arugula in box 69497
Planting carrot in box 47129
Planting broccoli in box 18069
Planting cucumber in box 99688
Planting spinach in box 48504
Planting spinach in box 69913
Planting pepper in box 88003
Planting cucumber in box 22063
Planting rye in box 61441
Planting cilantro in box 62143
Planting potato in box 98528
Planting corn in box 73423
Planting carrot in box 84778
Planting chive in box 19793
Planting carrot in box 84102
Planting spinach in box 84649
Planting spinach in box 21857
Planting rye in box 62687
Planting squash in box 74593
Planting spinach in box 35074
Planting cabbage in box 60708
Planting pea in box 39316
Planting potato in box 78690
Planting broccoli in box 85352
Planting wheat in box 60529
Planting potato in box 60663
Planting eggplant in box 69636
Planting potato in box 93476
Planting arugula in box 90700
Planting carrot in box 22209
Planting soy in box 82801
Planting soy in box 61103
Planting soy in box 71338
Planting radish in box 77285
Planting barley in box 18867
Planting corn in box 85379
Planting spinach in box 33697
Planting arugula in box 44635
Planting wheat in box 2423
Planting wheat in box 85219
Planting beet in box 26536
Planting broccoli in box 54711
Planting pea in box 79967
Planting cauliflower in box 83288
Planting wheat in box 94158
Planting cilantro in box 61818
Planting corn in box 45057
Planting cucumber in box 14319
Planting wheat in box 79413
Planting carrot in box 95028
Planting beet in box 20314
Planting potato in box 10556
Planting broccoli in box 37803
Planting spinach in box 99099
Planting soy in box 34232
Planting tomato in box 19528
Planting corn in box 46550
Planting arugula in box 73289
Planting pepper in box 38776
Planting cabbage in box 29885
Planting spinach in box 78424
Planting chive in box 26244
Planting cucumber in box 47326
Planting broccoli in box 88930
Planting broccoli in box 64869
Planting radish in box 74072
Planting spinach in box 97067
Planting cauliflower in box 71895
Planting tomato in box 72521
Planting eggplant in box 75094
Planting cucumber in box 88014
Planting radish in box 83870
Planting pea in box 85210
Planting potato in box 93783
Planting rye in box 46438
Planting barley in box 73271
Planting arugula in box 48073
Planting rye in box 81045
Planting beet in box 72779
Planting potato in box 54840
Planting cucumber in box 70283
Planting cilantro in box 39181
Planting squash in box 29890
Planting pepper in box 2217
Planting broccoli in box 14772
Planting arugula in box 41865
Planting soy in box 4634
Planting potato in box 70052
Planting bean in box 15596
Planting wheat in box 30181
Planting soy in box 20204
Planting cauliflower in box 3246
Planting squash in box 19316
Planting pea in box 80027
Planting spinach in box 70616
Planting wheat in box 46093
Planting wheat in box 80129
Planting wheat in box 24598
Planting pea in box 12701
Planting beet in box 45132
Planting lettuce in box 36828
Planting squash in box 46609
Planting spinach in box 29082
Planting bean in box 47657
Planting tomato in box 13197
Planting radish in box 23062
Planting cucumber in box 97639
Planting pea in box 1676
Planting rye in box 26949
Planting arugula in box 41751
Planting radish in box 49272
Planting bean in box 71166
Planting cucumber in box 73117
Planting bean in box 55770
Planting eggplant in box 55282
Planting arugula in box 29640
Planting tomato in box 20602
Planting cilantro in box 49922
Planting pea in box 9259
Planting broccoli in box 27064
Planting beet in box 91766
Planting radish in box 55855
Planting carrot in box 92783
Planting broccoli in box 39061
Planting carrot in box 88288
Planting pepper in box 50000
Planting chive in box 85007
Planting squash in box 83310
Planting barley in box 33280
Planting cilantro in box 60291
Planting cabbage in box 72685
Planting broccoli in box 97022
Planting potato in box 82530
Planting beet in box 59320
Planting bean in box 77225
Planting beet in box 30595
Planting arugula in box 52859
Planting eggplant in box 74746
Planting wheat in box 93034
Planting arugula in box 81725
Planting soy in box 10969
Planting carrot in box 18879
Planting beet in box 69240
Planting radish in box 70449
Planting cucumber in box 73972
Planting cauliflower in box 23784
Planting cucumber in box 53373
Planting squash in box 56293
Planting arugula in box 452
Planting pepper in box 60393
Planting pepper in box 18347
Planting cauliflower in box 63017
Planting tomato in box 93787
Planting wheat in box 49550
Planting radish in box 84272
Planting broccoli in box 84493
Planting cilantro in box 95701
Planting bean in box 7567
Planting squash in box 38264
Planting chive in box 83812
Planting pea in box 41458
Planting barley in box 75242
Planting arugula in box 61104
Planting potato in box 63435
Planting barley in box 63497
Planting cauliflower in box 55582
Planting cauliflower in box 31166
Planting spinach in box 85752
Planting cilantro in box 89064
Planting squash in box 44476
Planting corn in box 82927
Planting soy in box 1278
Planting barley in box 65044
Planting pepper in box 59919
Planting barley in box 19563
Planting broccoli in box 31893
Planting carrot in box 84029
Planting potato in box 88553
Planting bean in box 55019
Planting barley in box 39390
Planting barley in box 92165
Planting pea in box 33062
Planting wheat in box 46272
Planting radish in box 64634
Planting chive in box 70465
Planting radish in box 57725
Planting corn in box 54429
Planting pea in box 64722
Planting cilantro in box 84198
Planting cilantro in box 39130
Planting lettuce in box 1074
Planting potato in box 97483
Planting spinach in box 78155
Planting pea in box 62937
Planting tomato in box 54373
Planting potato in box 68040
Planting wheat in box 13648
Planting tomato in box 69867
Planting beet in box 52617
Planting carrot in box 44310
Planting cabbage in box 76313
Planting wheat in box 9176
Planting tomato in box 77388
Planting soy in box 66565
Planting rye in box 31240
Planting arugula in box 81697
Planting cabbage in box 76716
Planting bean in box 50118
Planting potato in box 81566
Planting spinach in box 20747
Planting pea in box 31731
Planting broccoli in box 98828
Planting rye in box 22590
Planting arugula in box 38001
Planting spinach in box 35898
Planting arugula in box 30990
Planting broccoli in box 17047
Planting squash in box 59302
Planting barley in box 46765
Planting rye in box 56020
Planting radish in box 31560
Planting pepper in box 26669
Planting barley in box 65951
Planting cauliflower in box 95848
Planting radish in box 6192
Planting broccoli in box 16159
Planting barley in box 21731
Planting rye in box 99652
Planting cilantro in box 16383
Planting pepper in box 52229
Planting cucumber in box 69017
Planting pea in box 97193
Planting lettuce in box 39735
Planting corn in box 80498
Planting bean in box 98712
Planting radish in box 64504
Planting beet in box 23288
Planting bean in box 54897
Planting chive in box 84310
Planting soy in box 53107
Planting arugula in box 83690
Planting eggplant in box 28424
Planting radish in box 602
Planting cauliflower in box 82444
Planting cucumber in box 14783
Planting eggplant in box 1968
Planting chive in box 34243
Planting cilantro in box 69862
Planting soy in box 72006
Planting beet in box 60476
Planting potato in box 3227
Planting barley in box 17340
Planting cauliflower in box 48855
Planting squash in box 15753
Planting bean in box 55685
Planting cauliflower in box 40017
Planting arugula in box 38123
Planting cilantro in box 61146
Planting pepper in box 29219
Planting spinach in box 72059
Planting cabbage in box 10966
Planting broccoli in box 27799
Planting cilantro in box 73186
Planting squash in box 35536
Planting corn in box 64371
Planting carrot in box 32260
Planting potato in box 70046
Planting lettuce in box 10464
Planting pepper in box 54540
Planting cucumber in box 84768
Planting cilantro in box 11426
Planting cucumber in box 65949
Planting carrot in box 9576
Planting beet in box 20975
Planting broccoli in box 3388
Planting soy in box 15498
Planting cabbage in box 83411
Planting cucumber in box 92264
Planting bean in box 73660
Planting corn in box 34490
Planting corn in box 72866
Planting spinach in box 38332
Planting lettuce in box 65405
Planting barley in box 78163
Planting cucumber in box 7714
Planting wheat in box 46519
Planting pea in box 87714
Planting barley in box 1390
Planting eggplant in box 72265
Planting pepper in box 85138
Planting pepper in box 48100
Planting barley in box 22708
Planting arugula in box 92986
Planting barley in box 37161
Planting spinach in box 75474
Planting pea in box 21028
Planting barley in box 71104
Planting chive in box 91250
Planting bean in box 40857
Planting radish in box 72803
Planting rye in box 48694
Planting cabbage in box 84060
Planting beet in box 64491
Planting soy in box 82751
Planting pepper in box 40516
Planting cilantro in box 28759
Planting beet in box 1226
Planting cauliflower in box 69181
Planting carrot in box 99141
Planting squash in box 77209
Planting spinach in box 77991
Planting pepper in box 39305
Planting arugula in box 90298
Planting broccoli in box 18305
Planting rye in box 49022
Planting barley in box 79723
Planting pepper in box 43131
Planting arugula in box 66826
Planting spinach in box 81934
Planting eggplant in box 60729
Planting soy in box 50168
Planting beet in box 60119
Planting wheat in box 73657
Planting barley in box 61957
Planting spinach in box 35640
Planting radish in box 80115
Planting potato in box 70104
Planting cauliflower in box 95428
Planting soy in box 82677
Planting bean in box 7906
Planting wheat in box 37543
Planting carrot in box 45765
Planting eggplant in box 84113
Planting beet in box 20998
Planting potato in box 78519
Planting arugula in box 21198
Planting spinach in box 87565
Planting pepper in box 12783
Planting radish in box 10615
Planting pea in box 66722
Planting potato in box 46607
Planting radish in box 76235
Planting potato in box 66255
Planting spinach in box 9814
Planting pea in box 18098
Planting corn in box 13333
Planting cilantro in box 38050
Planting cabbage in box 69016
Planting rye in box 4391
Planting potato in box 37263
Planting squash in box 88091
Planting bean in box 44299
Planting chive in box 72480
Planting soy in box 69580
Planting arugula in box 48172
Planting tomato in box 45699
Planting rye in box 83137
Planting squash in box 44192
Planting lettuce in box 42651
Planting squash in box 47378
Planting carrot in box 88076
Planting potato in box 49091
Planting squash in box 52511
Planting broccoli in box 97343
Planting squash in box 24471
Planting tomato in box 56162
Planting rye in box 9417
Planting carrot in box 20920
Planting lettuce in box 73892
Planting pea in box 81341
Planting beet in box 43152
Planting corn in box 49545
Planting lettuce in box 98027
Planting lettuce in box 24735
Planting radish in box 47740
Planting eggplant in box 34128
Planting corn in box 49174
Planting rye in box 94644
Planting carrot in box 1324
Planting broccoli in box 58585
Planting rye in box 42942
Planting wheat in box 71059
Planting arugula in box 47909
Planting barley in box 66957
Planting cucumber in box 98829
Planting eggplant in box 76567
Planting pepper in box 24391
Planting beet in box 972
Planting wheat in box 36198
Planting wheat in box 79446
Planting eggplant in box 14170
Planting spinach in box 52456
Planting cucumber in box 13143
Planting barley in box 65027
Planting rye in box 71788
Planting barley in box 72964
Planting cabbage in box 87412
Planting potato in box 99791
Planting cilantro in box 36000
Planting barley in box 73472
Planting squash in box 47748
Planting arugula in box 9512
Planting wheat in box 8852
Planting pea in box 10907
Planting eggplant in box 52541
Planting soy in box 61689
Planting arugula in box 36630
Planting cilantro in box 46405
Planting carrot in box 10298
Planting cilantro in box 80590
Planting tomato in box 84098
Planting soy in box 29518
Planting potato in box 13926
Planting bean in box 6829
Planting spinach in box 28758
Planting bean in box 17458
Planting soy in box 63041
Planting eggplant in box 48643
Planting bean in box 70156
Planting radish in box 49644
Planting cucumber in box 82605
Planting tomato in box 22109
Planting broccoli in box 58180
Planting wheat in box 69006
Planting arugula in box 96297
Planting barley in box 66914
Planting wheat in box 19499
Planting corn in box 68255
Planting cucumber in box 42090
Planting bean in box 99701
Planting cucumber in box 88087
Planting spinach in box 47352
Planting lettuce in box 60479
Planting wheat in box 55723
Planting broccoli in box 88247
Planting chive in box 69681
Planting cauliflower in box 49403
Planting radish in box 6437
Planting spinach in box 76654
Planting broccoli in box 76059
Planting arugula in box 57740
Planting squash in box 86048
Planting potato in box 55755
Planting spinach in box 43365
Planting squash in box 45737
Planting broccoli in box 85044
Planting cucumber in box 76575
Planting pea in box 17655
Planting tomato in box 77445
Planting soy in box 390
Planting pea in box 11447
Planting potato in box 69245
Planting cabbage in box 78211
Planting soy in box 84783
Planting lettuce in box 83826
Planting soy in box 60518
Planting radish in box 36517
Planting squash in box 51506
Planting lettuce in box 866
Planting chive in box 22820
Planting cauliflower in box 54288
Planting corn in box 96778
Planting arugula in box 89313
Planting cucumber in box 619
Planting radish in box 4160
Planting lettuce in box 65151
Planting chive in box 87430
Planting bean in box 9159
Planting lettuce in box 42780
Planting tomato in box 53207
Planting spinach in box 71134
Planting bean in box 874
Planting wheat in box 60288
Planting carrot in box 16273
Planting wheat in box 63602
Planting bean in box 40460
Planting cabbage in box 79658
Planting tomato in box 65102
Planting pea in box 68020
Planting lettuce in box 52079
Planting pea in box 83080
Planting arugula in box 20489
Planting tomato in box 84329
Planting cilantro in box 68852
Planting carrot in box 39940
Planting broccoli in box 86417
Planting eggplant in box 35782
Planting barley in box 18723
Planting radish in box 56022
Planting cauliflower in box 89926
Planting corn in box 90439
Planting soy in box 37511
Planting lettuce in box 83973
Planting pepper in box 71770
Planting lettuce in box 84684
Planting soy in box 56875
Planting barley in box 73782
Planting barley in box 70975
Planting spinach in box 39714
Planting rye in box 17921
Planting spinach in box 78235
Planting rye in box 7078
Planting lettuce in box 7980
Planting cilantro in box 42789
Planting eggplant in box 77147
Planting rye in box 83623
Planting eggplant in box 79451
Planting tomato in box 86736
Planting beet in box 56448
Planting wheat in box 48119
Planting pea in box 82354
Planting cabbage in box 41597
Planting corn in box 15059
Planting barley in box 46948
Planting tomato in box 68748
Planting pepper in box 67130
Planting corn in box 69205
Planting chive in box 93702
Planting cilantro in box 16359
Planting rye in box 57536
Planting soy in box 85556
Planting arugula in box 93793
Planting potato in box 78642
Planting cilantro in box 61132
Planting rye in box 55385
Planting wheat in box 92572
Planting broccoli in box 46946
Planting soy in box 26576
Planting tomato in box 79443
Planting pea in box 49481
Planting chive in box 38391
Planting rye in box 27877
Planting pea in box 7168
Planting broccoli in box 17483
Planting arugula in box 74420
Planting wheat in box 49734
Planting chive in box 48880
Planting arugula in box 57684
Planting eggplant in box 40406
Planting chive in box 95314
Planting potato in box 44417
Planting spinach in box 49880
Planting wheat in box 54758
Planting corn in box 69718
Planting lettuce in box 66330
Planting potato in box 15094
Planting lettuce in box 68511
Planting rye in box 45018
Planting beet in box 80900
Planting pepper in box 31908
Planting corn in box 70222
Planting broccoli in box 47997
Planting squash in box 41519
Planting cucumber in box 62973
Planting pepper in box 40846
Planting beet in box 94066
Planting potato in box 62524
Planting soy in box 9328
Planting soy in box 53103
Planting tomato in box 67832
Planting cilantro in box 30947
Planting spinach in box 40503
Planting eggplant in box 42247
Planting cabbage in box 7839
Planting wheat in box 64372
Planting cauliflower in box 11168
Planting soy in box 37740
Planting pepper in box 53693
Planting broccoli in box 81195
Planting broccoli in box 93886
Planting eggplant in box 91304
Planting corn in box 23654
Planting cauliflower in box 64599
Planting radish in box 87459
Planting squash in box 28378
Planting broccoli in box 69837
Planting bean in box 54567
Planting cauliflower in box 91484
Planting spinach in box 95859
Planting pea in box 52663
Planting chive in box 71773
Planting chive in box 27527
Planting cucumber in box 39346
Planting pepper in box 5121
Planting radish in box 30589
Planting spinach in box 42581
Planting bean in box 3308
Planting wheat in box 92070
Planting broccoli in box 15567
Planting cucumber in box 18311
Planting lettuce in box 83873
Planting pea in box 35971
Planting lettuce in box 14837
Planting potato in box 67957
Planting lettuce in box 43128
Planting cauliflower in box 3630
Planting carrot in box 801
Planting bean in box 40763
Planting barley in box 28727
Planting pepper in box 77039
Planting cauliflower in box 77593
Planting barley in box 97558
Planting radish in box 2204
Planting barley in box 81510
Planting broccoli in box 18210
Planting bean in box 10769
Planting pea in box 20670
Planting cauliflower in box 73226
Planting barley in box 90545
Planting spinach in box 62554
Planting lettuce in box 78152
Planting corn in box 81276
Planting soy in box 30042
Planting spinach in box 51803
Planting soy in box 625
Planting cabbage in box 50787
Planting rye in box 64811
Planting eggplant in box 75470
Planting arugula in box 87027
Planting barley in box 17488
Planting radish in box 89503
Planting lettuce in box 40023
Planting bean in box 91347
Planting lettuce in box 62030
Planting chive in box 31914
Planting carrot in box 39821
Planting squash in box 44236
Planting chive in box 51579
Planting spinach in box 61335
Planting cauliflower in box 41230
Planting soy in box 46772
Planting cilantro in box 93169
Planting eggplant in box 89406
Planting pepper in box 95572
Planting tomato in box 18136
Planting rye in box 67852
Planting arugula in box 11597
Planting spinach in box 87757
Planting cauliflower in box 57440
Planting eggplant in box 30913
Planting rye in box 23820
Planting potato in box 18894
Planting cucumber in box 40596
Planting lettuce in box 96797
Planting rye in box 39027
Planting pea in box 46754
Planting arugula in box 60418
Planting barley in box 40743
Planting corn in box 69174
Planting wheat in box 89419
Planting tomato in box 54091
Planting chive in box 78170
Planting chive in box 32820
Planting spinach in box 55665
Planting bean in box 40814
Planting broccoli in box 95965
Planting eggplant in box 57311
Planting wheat in box 49040
Planting broccoli in box 1682
Planting radish in box 32539
Planting carrot in box 215
Planting bean in box 59209
Planting cilantro in box 68270
Planting corn in box 43159
Planting cauliflower in box 68968
Planting eggplant in box 41103
Planting broccoli in box 6199
Planting cilantro in box 5097
Planting cauliflower in box 1549
Planting cabbage in box 45630
Planting broccoli in box 63690
Planting wheat in box 6995
Planting rye in box 67961
Planting pepper in box 18222
Planting cauliflower in box 47895
Planting carrot in box 12495
Planting cucumber in box 11772
Planting bean in box 39758
Planting rye in box 18207
Planting arugula in box 3858
Planting radish in box 48135
Planting eggplant in box 94933
Planting beet in box 65427
Planting cabbage in box 30344
Planting lettuce in box 55195
Planting cabbage in box 85353
Planting tomato in box 47737
Planting pea in box 34574
Planting eggplant in box 48991
Planting bean in box 32548
Planting tomato in box 3935
Planting broccoli in box 20340
Planting rye in box 58509
Planting broccoli in box 86987
Planting pea in box 1527
Planting squash in box 68728
Planting radish in box 901
Planting carrot in box 2892
Planting chive in box 76492
Planting cauliflower in box 26438
Planting potato in box 59971
Planting spinach in box 10226
Planting barley in box 86296
Planting lettuce in box 56108
Planting spinach in box 46651
Planting beet in box 48523
Planting soy in box 66400
Planting spinach in box 98995
Planting pepper in box 61663
Planting radish in box 34327
Planting radish in box 76825
Planting arugula in box 29202
Planting tomato in box 83065
Planting radish in box 93107
Planting carrot in box 98031
Planting lettuce in box 23946
Planting eggplant in box 47685
Planting pea in box 98412
Planting tomato in box 28026
Planting corn in box 85618
Planting pepper in box 59525
Planting bean in box 57965
Planting pepper in box 19354
Planting corn in box 67183
Planting lettuce in box 59291
Planting squash in box 60557
Planting carrot in box 20914
Planting spinach in box 62896
Planting wheat in box 54554
Planting pea in box 96238
Planting cucumber in box 8250
Planting corn in box 43288
Planting beet in box 3409
Planting pea in box 22619
Planting pea in box 12569
Planting bean in box 38814
Planting radish in box 58728
Harvesting cabbage plants from boxes 14368 to 18498. 
The following boxes will be harvested: 
Harvesting chive plants from boxes 86440 to 90570. 
The following boxes will be harvested: 87430 
Harvesting barley plants from boxes 91800 to 95930. 
The following boxes will be harvested: 92165 
Harvesting bean plants from boxes 99411 to 103541. 
The following boxes will be harvested: 99701 
Harvesting squash plants from boxes 30902 to 35032. 
The following boxes will be harvested: 
Harvesting radish plants from boxes 74817 to 78947. 
The following boxes will be harvested: 76235 76825 77285 
Harvesting rye plants from boxes 57006 to 61136. 
The following boxes will be harvested: 57536 58509 60738 
Harvesting pea plants from boxes 66151 to 70281. 
The following boxes will be harvested: 66722 68020 
Harvesting soy plants from boxes 98305 to 102435. 
The following boxes will be harvested: 
Harvesting soy plants from boxes 6129 to 10259. 
The following boxes will be harvested: 9328 10194 
Harvesting wheat plants from boxes 79391 to 83521. 
The following boxes will be harvested: 79413 79446 80129 
Harvesting soy plants from boxes 99643 to 103773. 
The following boxes will be harvested: 
Harvesting carrot plants from boxes 57324 to 61454. 
The following boxes will be harvested: 
Harvesting eggplant plants from boxes 26596 to 30726. 
The following boxes will be harvested: 27296 28082 28424 30091 
Harvesting pea plants from boxes 656 to 4786. 
The following boxes will be harvested: 1527 1676 
Harvesting lettuce plants from boxes 25619 to 29749. 
The following boxes will be harvested: 
Harvesting wheat plants from boxes 12459 to 16589. 
The following boxes will be harvested: 13648 
Harvesting barley plants from boxes 12926 to 17056. 
The following boxes will be harvested: 
Harvesting cilantro plants from boxes 90492 to 94622. 
The following boxes will be harvested: 93169 
Harvesting soy plants from boxes 89318 to 93448. 
The following boxes will be harvested: 
Harvesting chive plants from boxes 65364 to 69494. 
The following boxes will be harvested: 
Harvesting rye plants from boxes 15190 to 19320. 
The following boxes will be harvested: 16903 17921 18207 
Harvesting carrot plants from boxes 26208 to 30338. 
The following boxes will be harvested: 29299 
Harvesting cabbage plants from boxes 91964 to 96094. 
The following boxes will be harvested: 92229 
Harvesting tomato plants from boxes 4796 to 8926. 
The following boxes will be harvested: 
Harvesting broccoli plants from boxes 98809 to 102939. 
The following boxes will be harvested: 98828 
Harvesting cauliflower plants from boxes 23982 to 28112. 
The following boxes will be harvested: 26438 
Harvesting cabbage plants from boxes 2546 to 6676. 
The following boxes will be harvested: 
Harvesting spinach plants from boxes 27014 to 31144. 
The following boxes will be harvested: 28758 29082 
Harvesting spinach plants from boxes 10145 to 14275. 
The following boxes will be harvested: 10226 
Harvesting cauliflower plants from boxes 47168 to 51298. 
The following boxes will be harvested: 47895 48855 49403 
Harvesting cauliflower plants from boxes 59045 to 63175. 
The following boxes will be harvested: 61260 63017 
Harvesting rye plants from boxes 64173 to 68303. 
The following boxes will be harvested: 64811 67852 67961 
Harvesting lettuce plants from boxes 96589 to 100719. 
The following boxes will be harvested: 96797 98027 
Harvesting wheat plants from boxes 17009 to 21139. 
The following boxes will be harvested: 19499 
Harvesting radish plants from boxes 92409 to 96539. 
The following boxes will be harvested: 93107 
Harvesting arugula plants from boxes 82744 to 86874. 
The following boxes will be harvested: 83690 
Harvesting cilantro plants from boxes 21094 to 25224. 
The following boxes will be harvested: 22926 23744 
Harvesting cabbage plants from boxes 37993 to 42123. 
The following boxes will be harvested: 41597 
Harvesting squash plants from boxes 82520 to 86650. 
The following boxes will be harvested: 82664 83310 85315 86048 
Harvesting cucumber plants from boxes 43853 to 47983. 
The following boxes will be harvested: 47326 
Harvesting rye plants from boxes 26974 to 31104. 
The following boxes will be harvested: 27706 27877 
Harvesting lettuce plants from boxes 12482 to 16612. 
The following boxes will be harvested: 14837 
Harvesting cucumber plants from boxes 81842 to 85972. 
The following boxes will be harvested: 82605 84768 
Harvesting cauliflower plants from boxes 75013 to 79143. 
The following boxes will be harvested: 77593 
Harvesting bean plants from boxes 83517 to 87647. 
The following boxes will be harvested: 
Harvesting eggplant plants from boxes 44101 to 48231. 
The following boxes will be harvested: 47685 
Harvesting soy plants from boxes 14510 to 18640. 
The following boxes will be harvested: 15498 
Harvesting rye plants from boxes 47234 to 51364. 
The following boxes will be harvested: 48694 49022 50727 50817 
Harvesting rye plants from boxes 95641 to 99771. 
The following boxes will be harvested: 96505 98292 99652 
Harvesting soy plants from boxes 13356 to 17486. 
The following boxes will be harvested: 14108 15498 
Harvesting pea plants from boxes 62966 to 67096. 
The following boxes will be harvested: 64722 66722 
Harvesting barley plants from boxes 28350 to 32480. 
The following boxes will be harvested: 28727 
Harvesting potato plants from boxes 54106 to 58236. 
The following boxes will be harvested: 54840 55755 
Harvesting soy plants from boxes 29820 to 33950. 
The following boxes will be harvested: 30042 
Harvesting lettuce plants from boxes 25482 to 29612. 
The following boxes will be harvested: 
Harvesting cucumber plants from boxes 50656 to 54786. 
The following boxes will be harvested: 51360 53373 
Harvesting wheat plants from boxes 57858 to 61988. 
The following boxes will be harvested: 60288 60529 
Harvesting barley plants from boxes 14679 to 18809. 
The following boxes will be harvested: 17340 17488 18723 
Harvesting cauliflower plants from boxes 18985 to 23115. 
The following boxes will be harvested: 
Harvesting squash plants from boxes 48037 to 52167. 
The following boxes will be harvested: 48223 51506 51693 
Harvesting wheat plants from boxes 44574 to 48704. 
The following boxes will be harvested: 46093 46272 46519 48119 
Harvesting bean plants from boxes 77765 to 81895. 
The following boxes will be harvested: 
Harvesting spinach plants from boxes 33114 to 37244. 
The following boxes will be harvested: 33697 35074 35640 35898 
Harvesting rye plants from boxes 86533 to 90663. 
The following boxes will be harvested: 
Harvesting lettuce plants from boxes 5591 to 9721. 
The following boxes will be harvested: 7980 
Harvesting radish plants from boxes 49506 to 53636. 
The following boxes will be harvested: 49644 53484 
Harvesting chive plants from boxes 28691 to 32821. 
The following boxes will be harvested: 30917 31914 32820 
Harvesting bean plants from boxes 68967 to 73097. 
The following boxes will be harvested: 70156 71166 
Harvesting broccoli plants from boxes 60549 to 64679. 
The following boxes will be harvested: 62984 63690 64226 64377 
Harvesting arugula plants from boxes 35773 to 39903. 
The following boxes will be harvested: 36630 38001 38123 38474 
Harvesting carrot plants from boxes 88810 to 92940. 
The following boxes will be harvested: 92783 
Harvesting cauliflower plants from boxes 54837 to 58967. 
The following boxes will be harvested: 55582 57440 
Harvesting barley plants from boxes 65917 to 70047. 
The following boxes will be harvested: 65951 66914 66957 
Harvesting squash plants from boxes 2717 to 6847. 
The following boxes will be harvested: 3283 
Harvesting broccoli plants from boxes 75557 to 79687. 
The following boxes will be harvested: 76059 
Harvesting pea plants from boxes 20105 to 24235. 
The following boxes will be harvested: 20670 21028 22619 
Harvesting radish plants from boxes 75595 to 79725. 
The following boxes will be harvested: 76235 76825 77285 
Harvesting carrot plants from boxes 95566 to 99696. 
The following boxes will be harvested: 98031 99141 
Harvesting wheat plants from boxes 39218 to 43348. 
The following boxes will be harvested: 41881 
Harvesting eggplant plants from boxes 70166 to 74296. 
The following boxes will be harvested: 72265 73066 
Harvesting chive plants from boxes 14690 to 18820. 
The following boxes will be harvested: 
Harvesting carrot plants from boxes 29717 to 33847. 
The following boxes will be harvested: 32260 
Harvesting pea plants from boxes 30230 to 34360. 
The following boxes will be harvested: 31731 33062 
Harvesting wheat plants from boxes 26175 to 30305. 
The following boxes will be harvested: 27448 30181 
Harvesting barley plants from boxes 30173 to 34303. 
The following boxes will be harvested: 33280 
Harvesting arugula plants from boxes 93159 to 97289. 
The following boxes will be harvested: 93793 96297 
Harvesting bean plants from boxes 64727 to 68857. 
The following boxes will be harvested: 
Harvesting cauliflower plants from boxes 98352 to 102482. 
The following boxes will be harvested: 99923 
Harvesting pepper plants from boxes 33862 to 37992. 
The following boxes will be harvested: 
Harvesting pea plants from boxes 31896 to 36026. 
The following boxes will be harvested: 33062 34574 35971 
Harvesting cucumber plants from boxes 84525 to 88655. 
The following boxes will be harvested: 84768 88014 88087 
Harvesting chive plants from boxes 62253 to 66383. 
The following boxes will be harvested: 
Harvesting wheat plants from boxes 82573 to 86703. 
The following boxes will be harvested: 85219 
Harvesting potato plants from boxes 85179 to 89309. 
The following boxes will be harvested: 88553 88613 
Harvesting cilantro plants from boxes 72619 to 76749. 
The following boxes will be harvested: 73186 75942 
Harvesting pepper plants from boxes 82950 to 87080. 
The following boxes will be harvested: 85138 
Harvesting broccoli plants from boxes 7718 to 11848. 
The following boxes will be harvested: 
Harvesting cauliflower plants from boxes 47039 to 51169. 
The following boxes will be harvested: 47895 48855 49403 
Harvesting arugula plants from boxes 44053 to 48183. 
The following boxes will be harvested: 44635 47431 47909 48073 48172 
Pruning box number 64491.
Pruning box number 80878.
Pruning box number 47895.
Pruning box number 40460.
Pruning box number 6890.
Pruning box number 57130.
Pruning box number 73782.
Pruning box number 33697.
Pruning box number 56162.
Pruning box number 88003.
Pruning box number 18347.
Pruning box number 73289.
Pruning box number 38001.
Pruning box number 40456.
Pruning box number 95028.
Pruning box number 84073.
Pruning box number 64504.
Pruning box number 83826.
Pruning box number 34612.
Pruning box number 55855.
Pruning box number 97713.
Pruning box number 68013.
Pruning box number 625.
Pruning box number 18136.
Pruning box number 47748.
Pruning box number 83870.
Pruning box number 46272.
Pruning box number 20602.
Pruning box number 46765.
Pruning box number 79658.
Pruning box number 18235.
Pruning box number 78186.
Pruning box number 38911.
Pruning box number 93476.
Pruning box number 81566.
Pruning box number 70104.
Pruning box number 32981.
Pruning box number 51803.
Pruning box number 77039.
Pruning box number 51693.
Pruning box number 52079.
Pruning box number 17340.
Pruning box number 76654.
Pruning box number 54554.
Pruning box number 63497.
Pruning box number 85315.
Pruning box number 73972.
Pruning box number 29640.
Pruning box number 94644.
Planting beet in box 74737
Planting carrot in box 95139
Planting arugula in box 49579
Planting carrot in box 36149
Planting eggplant in box 82079
Planting cilantro in box 46564
Planting arugula in box 88907
Planting corn in box 759
Planting barley in box 34135
Planting radish in box 91967
Planting beet in box 97390
Planting barley in box 90350
Planting barley in box 10610
Planting barley in box 91928
Planting pepper in box 10923
Planting corn in box 63123
Planting barley in box 57434
Planting radish in box 76593
Planting radish in box 86072
Planting squash in box 93005
Planting potato in box 38157
Planting cabbage in box 14980
Planting beet in box 79975
Planting wheat in box 21722
Planting tomato in box 38415
Planting lettuce in box 70611
Planting pepper in box 10050
Planting cucumber in box 51878
Planting pepper in box 46746
Planting radish in box 13599
Planting tomato in box 8332
Planting cabbage in box 59679
Planting squash in box 67685
Planting beet in box 5481
Planting bean in box 65364
Planting spinach in box 54610
Planting cucumber in box 54406
Planting radish in box 63286
Planting corn in box 64840
Planting pepper in box 15047
Planting rye in box 8599
Planting lettuce in box 12761
Planting pepper in box 78459
Planting wheat in box 36985
Planting rye in box 33526
Planting pepper in box 85130
Planting tomato in box 43784
Planting beet in box 45827
Planting soy in box 22922
Planting spinach in box 47750
Planting barley in box 31061
Planting barley in box 79823
Planting barley in box 52886
Planting squash in box 95705
Planting tomato in box 54296
Planting chive in box 69526
Planting chive in box 68551
Planting arugula in box 72426
Planting eggplant in box 74495
Planting broccoli in box 39066
Planting radish in box 87429
Planting pepper in box 1225
Planting squash in box 93362
Planting pea in box 96829
Planting wheat in box 10166
Planting squash in box 95788
Planting carrot in box 32703
Planting cabbage in box 87840
Planting cucumber in box 82749
Planting lettuce in box 55510
Planting wheat in box 54086
Planting pepper in box 67263
Planting corn in box 87421
Planting radish in box 52273
Planting potato in box 66129
Planting squash in box 83385
Planting soy in box 19969
Planting wheat in box 47108
Planting tomato in box 93029
Planting bean in box 94078
Planting wheat in box 43704
Planting soy in box 9533
Planting beet in box 54889
Planting tomato in box 21166
Planting squash in box 72212
Planting cauliflower in box 22614
Planting soy in box 33439
Planting pepper in box 69159
Planting cauliflower in box 64337
Planting beet in box 80048
Planting eggplant in box 10188
Planting pepper in box 56530
Planting tomato in box 63305
Planting arugula in box 99328
Planting potato in box 85455
Planting beet in box 63599
Planting pepper in box 52141
Planting chive in box 25064
Planting broccoli in box 88828
Planting pea in box 82685
Planting eggplant in box 56275
Planting barley in box 50373
Planting cabbage in box 86037
Planting tomato in box 63216
Planting pepper in box 61525
Planting barley in box 62220
Planting potato in box 19910
Planting potato in box 69674
Planting arugula in box 1011
Planting soy in box 56948
Planting broccoli in box 44736
Planting broccoli in box 30509
Planting pepper in box 71736
Planting pepper in box 2886
Planting pea in box 85550
Planting wheat in box 4708
Planting cilantro in box 34396
Planting lettuce in box 67256
Planting cucumber in box 86140
Planting beet in box 19219
Planting lettuce in box 20225
Planting chive in box 39710
Planting beet in box 16540
Planting chive in box 39700
Planting arugula in box 94736
Planting chive in box 53071
Planting chive in box 33544
Planting pea in box 52698
Planting lettuce in box 39150
Planting chive in box 82194
Planting cauliflower in box 57504
Planting radish in box 82874
Planting pea in box 58332
Planting wheat in box 45034
Planting corn in box 13304
Planting radish in box 92135
Planting soy in box 45691
Planting pepper in box 6367
Planting potato in box 57578
Planting rye in box 12483
Planting cabbage in box 42713
Planting rye in box 8135
Planting cucumber in box 49132
Planting eggplant in box 14239
Harvesting bean plants from boxes 96433 to 100200. 
The following boxes will be harvested: 98037 98712 99701 
Harvesting tomato plants from boxes 6623 to 10390. 
The following boxes will be harvested: 8332 
Harvesting soy plants from boxes 44910 to 48677. 
The following boxes will be harvested: 45691 46772 46922 
Harvesting corn plants from boxes 74369 to 78136. 
The following boxes will be harvested: 
Harvesting chive plants from boxes 76259 to 80026. 
The following boxes will be harvested: 76492 78170 
Harvesting corn plants from boxes 24694 to 28461. 
The following boxes will be harvested: 26728 28291 
Harvesting potato plants from boxes 27325 to 31092. 
The following boxes will be harvested: 31032 
Harvesting cilantro plants from boxes 2553 to 6320. 
The following boxes will be harvested: 2606 5097 
Harvesting potato plants from boxes 80940 to 84707. 
The following boxes will be harvested: 82530 
Harvesting arugula plants from boxes 49450 to 53217. 
The following boxes will be harvested: 49579 52859 
Harvesting broccoli plants from boxes 26320 to 30087. 
The following boxes will be harvested: 27064 27799 
Harvesting soy plants from boxes 86070 to 89837. 
The following boxes will be harvested: 88100 88168 
Harvesting squash plants from boxes 42601 to 46368. 
The following boxes will be harvested: 44192 44236 44476 45737 46270 
Pruning box number 55665.
Pruning box number 40743.
Pruning box number 56293.
Pruning box number 87421.
Pruning box number 2423.
Pruning box number 14941.
Pruning box number 69837.
Pruning box number 41865.
Pruning box number 76235.
Pruning box number 68968.
Pruning box number 39181.
Pruning box number 48961.
Pruning box number 61689.
Pruning box number 6199.
Pruning box number 63123.
Pruning box number 39346.
Pruning box number 84310.
Pruning box number 92135.
Pruning box number 82749.
Pruning box number 60288.
Pruning box number 91304.
Pruning box number 47108.
Pruning box number 96238.
Pruning box number 6715.
Pruning box number 14122.
Pruning box number 4160.
Pruning box number 40017.
Pruning box number 6829.
Pruning box number 71059.
Pruning box number 46405.
Pruning box number 54540.
Pruning box number 15047.
Pruning box number 19969.
Pruning box number 19563.
Pruning box number 22209.
Pruning box number 12483.
Pruning box number 66255.
Pruning box number 21980.
Pruning box number 50933.
Pruning box number 16273.
Pruning box number 50168.
Pruning box number 9159.
Pruning box number 10050.
Pruning box number 5121.
Pruning box number 10615.
Pruning box number 33439.
Pruning box number 54086.
Pruning box number 44192.
Pruning box number 14837.
Pruning box number 42962.
Pruning box number 37069.
Pruning box number 68728.
Pruning box number 45765.
Pruning box number 84272.
