Planting corn in box 92741
Planting broccoli in box 83242
Planting tomato in box 46759
Planting spinach in box 14941
Planting cilantro in box 23744
Planting cauliflower in box 43144
Planting arugula in box 74505
Planting soy in box 29763
Planting tomato in box 69449
Planting cauliflower in box 61260
Planting bean in box 76353
Planting broccoli in box 1034
Planting lettuce in box 49580
Planting rye in box 96505
Planting potato in box 20177
Planting broccoli in box 48308
Planting squash in box 85315
Planting radish in box 80281
Planting soy in box 46922
Planting potato in box 48961
Planting wheat in box 27448
Planting lettuce in box 86735
Planting lettuce in box 42152
Planting broccoli in box 91844
Planting cabbage in box 13548
Planting beet in box 41820
Planting tomato in box 77264
Planting radish in box 21980
Planting pepper in box 16726
Planting bean in box 31689
Planting arugula in box 91270
Planting carrot in box 66171
Planting lettuce in box 44248
Planting pea in box 41361
Planting cabbage in box 58024
Planting cabbage in box 78186
Planting corn in box 15128
Planting soy in box 3774
Planting beet in box 14122
Planting rye in box 85231
Planting radish in box 81424
Planting wheat in box 33921
Planting cilantro in box 2606
Planting carrot in box 18235
Planting cauliflower in box 90736
Planting cauliflower in box 72585
Planting squash in box 46270
Planting cauliflower in box 91292
Planting tomato in box 17909
Planting bean in box 98037
Planting tomato in box 39324
Planting corn in box 94107
Planting barley in box 90199
Planting eggplant in box 28082
Planting cucumber in box 9850
Planting cucumber in box 48340
Planting eggplant in box 73066
Planting squash in box 82664
Planting beet in box 54512
Planting rye in box 27706
Planting beet in box 67172
Planting broccoli in box 59955
Planting soy in box 88100
Planting chive in box 36661
Planting lettuce in box 250
Planting rye in box 98292
Planting arugula in box 59976
Planting corn in box 26728
Planting potato in box 6631
Planting eggplant in box 54493
Planting lettuce in box 825
Planting cilantro in box 40456
Planting wheat in box 1444
Planting cilantro in box 82264
Planting pepper in box 56721
Planting eggplant in box 33906
Planting tomato in box 42962
Planting tomato in box 86389
Planting tomato in box 77811
Planting broccoli in box 37069
Planting pepper in box 74099
Planting cucumber in box 50337
Planting rye in box 44110
Planting soy in box 599
Planting pepper in box 48225
Planting cauliflower in box 99923
Planting cabbage in box 74274
Planting cauliflower in box 39290
Planting spinach in box 96202
Planting broccoli in box 64377
Planting broccoli in box 64226
Planting wheat in box 25870
Planting carrot in box 8494
Planting barley in box 54600
Planting cilantro in box 51660
Planting pepper in box 80716
Planting arugula in box 76084
Planting carrot in box 76183
Planting cabbage in box 24468
Planting tomato in box 3637
Harvesting chive plants from boxes 48223 to 58268. 
The following boxes will be harvested: 
Harvesting lettuce plants from boxes 54445 to 64490. 
The following boxes will be harvested: 
Harvesting chive plants from boxes 76641 to 86686. 
The following boxes will be harvested: 
Harvesting wheat plants from boxes 30917 to 40962. 
The following boxes will be harvested: 33921 
Harvesting tomato plants from boxes 64344 to 74389. 
The following boxes will be harvested: 69449 
Harvesting eggplant plants from boxes 74820 to 84865. 
The following boxes will be harvested: 
Harvesting soy plants from boxes 9927 to 19972. 
The following boxes will be harvested: 
Harvesting carrot plants from boxes 52108 to 62153. 
The following boxes will be harvested: 
Harvesting carrot plants from boxes 29299 to 39344. 
The following boxes will be harvested: 
Harvesting arugula plants from boxes 37428 to 47473. 
The following boxes will be harvested: 
Pruning box number 91270.
Pruning box number 41361.
Pruning box number 59976.
Pruning box number 31689.
Pruning box number 82264.
